This file contains any messages produced by compilers while
running configure, to aid debugging if configure makes a mistake.

It was created by zmtpdump configure 1.0, which was
generated by GNU Autoconf 2.65.  Invocation command line was

  $ ./configure 

## --------- ##
## Platform. ##
## --------- ##

hostname = cloud01
uname -m = x86_64
uname -r = 2.6.32-33-generic
uname -s = Linux
uname -v = #70-Ubuntu SMP Thu Jul 7 21:13:52 UTC 2011

/usr/bin/uname -p = unknown
/bin/uname -X     = unknown

/bin/arch              = unknown
/usr/bin/arch -k       = unknown
/usr/convex/getsysinfo = unknown
/usr/bin/hostinfo      = unknown
/bin/machine           = unknown
/usr/bin/oslevel       = unknown
/bin/universe          = unknown

PATH: /home/aleks/.rvm/gems/ruby-1.9.3-head/bin
PATH: /home/aleks/.rvm/gems/ruby-1.9.3-head@global/bin
PATH: /home/aleks/.rvm/rubies/ruby-1.9.3-head/bin
PATH: /home/aleks/.rvm/bin
PATH: /home/aleks/bin
PATH: /usr/local/sbin
PATH: /usr/local/bin
PATH: /usr/sbin
PATH: /usr/bin
PATH: /sbin
PATH: /bin
PATH: /usr/games
PATH: /home/aleks/usr/go/bin


## ----------- ##
## Core tests. ##
## ----------- ##

configure:2254: checking for a BSD-compatible install
configure:2322: result: /usr/bin/install -c
configure:2333: checking whether build environment is sane
configure:2383: result: yes
configure:2524: checking for a thread-safe mkdir -p
configure:2563: result: /bin/mkdir -p
configure:2576: checking for gawk
configure:2592: found /usr/bin/gawk
configure:2603: result: gawk
configure:2614: checking whether make sets $(MAKE)
configure:2636: result: yes
configure:2769: checking for gcc
configure:2785: found /usr/bin/gcc
configure:2796: result: gcc
configure:3025: checking for C compiler version
configure:3034: gcc --version >&5
gcc (Ubuntu 4.4.3-4ubuntu5.1) 4.4.3
Copyright (C) 2009 Free Software Foundation, Inc.
This is free software; see the source for copying conditions.  There is NO
warranty; not even for MERCHANTABILITY or FITNESS FOR A PARTICULAR PURPOSE.

configure:3045: $? = 0
configure:3034: gcc -v >&5
Using built-in specs.
Target: x86_64-linux-gnu
Configured with: ../src/configure -v --with-pkgversion='Ubuntu 4.4.3-4ubuntu5.1' --with-bugurl=file:///usr/share/doc/gcc-4.4/README.Bugs --enable-languages=c,c++,fortran,objc,obj-c++ --prefix=/usr --enable-shared --enable-multiarch --enable-linker-build-id --with-system-zlib --libexecdir=/usr/lib --without-included-gettext --enable-threads=posix --with-gxx-include-dir=/usr/include/c++/4.4 --program-suffix=-4.4 --enable-nls --enable-clocale=gnu --enable-libstdcxx-debug --enable-plugin --enable-objc-gc --disable-werror --with-arch-32=i486 --with-tune=generic --enable-checking=release --build=x86_64-linux-gnu --host=x86_64-linux-gnu --target=x86_64-linux-gnu
Thread model: posix
gcc version 4.4.3 (Ubuntu 4.4.3-4ubuntu5.1) 
configure:3045: $? = 0
configure:3034: gcc -V >&5
gcc: '-V' option must have argument
configure:3045: $? = 1
configure:3034: gcc -qversion >&5
gcc: unrecognized option '-qversion'
gcc: no input files
configure:3045: $? = 1
configure:3065: checking whether the C compiler works
configure:3087: gcc    conftest.c  >&5
configure:3091: $? = 0
configure:3140: result: yes
configure:3143: checking for C compiler default output file name
configure:3145: result: a.out
configure:3151: checking for suffix of executables
configure:3158: gcc -o conftest    conftest.c  >&5
configure:3162: $? = 0
configure:3184: result: 
configure:3206: checking whether we are cross compiling
configure:3214: gcc -o conftest    conftest.c  >&5
configure:3218: $? = 0
configure:3225: ./conftest
configure:3229: $? = 0
configure:3244: result: no
configure:3249: checking for suffix of object files
configure:3271: gcc -c   conftest.c >&5
configure:3275: $? = 0
configure:3296: result: o
configure:3300: checking whether we are using the GNU C compiler
configure:3319: gcc -c   conftest.c >&5
configure:3319: $? = 0
configure:3328: result: yes
configure:3337: checking whether gcc accepts -g
configure:3357: gcc -c -g  conftest.c >&5
configure:3357: $? = 0
configure:3398: result: yes
configure:3415: checking for gcc option to accept ISO C89
configure:3479: gcc  -c -g -O2  conftest.c >&5
configure:3479: $? = 0
configure:3492: result: none needed
configure:3523: checking for style of include used by make
configure:3551: result: GNU
configure:3576: checking dependency style of gcc
configure:3686: result: gcc3
configure:3705: checking for main in -lczmq
configure:3724: gcc -o conftest -g -O2   conftest.c -lczmq   >&5
configure:3724: $? = 0
configure:3733: result: yes
configure:3745: checking for main in -lpcap
configure:3764: gcc -o conftest -g -O2   conftest.c -lpcap  -lczmq  >&5
configure:3764: $? = 0
configure:3773: result: yes
configure:3785: checking for main in -lrt
configure:3804: gcc -o conftest -g -O2   conftest.c -lrt  -lpcap -lczmq  >&5
configure:3804: $? = 0
configure:3813: result: yes
configure:3825: checking for main in -lzmq
configure:3844: gcc -o conftest -g -O2   conftest.c -lzmq  -lrt -lpcap -lczmq  >&5
configure:3844: $? = 0
configure:3853: result: yes
configure:3871: checking how to run the C preprocessor
configure:3902: gcc -E  conftest.c
configure:3902: $? = 0
configure:3916: gcc -E  conftest.c
conftest.c:15:28: error: ac_nonexistent.h: No such file or directory
configure:3916: $? = 1
configure: failed program was:
| /* confdefs.h */
| #define PACKAGE_NAME "zmtpdump"
| #define PACKAGE_TARNAME "zmtpdump"
| #define PACKAGE_VERSION "1.0"
| #define PACKAGE_STRING "zmtpdump 1.0"
| #define PACKAGE_BUGREPORT "aleks@vogonsoft.com"
| #define PACKAGE_URL ""
| #define PACKAGE "zmtpdump"
| #define VERSION "1.0"
| #define HAVE_LIBCZMQ 1
| #define HAVE_LIBPCAP 1
| #define HAVE_LIBRT 1
| #define HAVE_LIBZMQ 1
| /* end confdefs.h.  */
| #include <ac_nonexistent.h>
configure:3941: result: gcc -E
configure:3961: gcc -E  conftest.c
configure:3961: $? = 0
configure:3975: gcc -E  conftest.c
conftest.c:15:28: error: ac_nonexistent.h: No such file or directory
configure:3975: $? = 1
configure: failed program was:
| /* confdefs.h */
| #define PACKAGE_NAME "zmtpdump"
| #define PACKAGE_TARNAME "zmtpdump"
| #define PACKAGE_VERSION "1.0"
| #define PACKAGE_STRING "zmtpdump 1.0"
| #define PACKAGE_BUGREPORT "aleks@vogonsoft.com"
| #define PACKAGE_URL ""
| #define PACKAGE "zmtpdump"
| #define VERSION "1.0"
| #define HAVE_LIBCZMQ 1
| #define HAVE_LIBPCAP 1
| #define HAVE_LIBRT 1
| #define HAVE_LIBZMQ 1
| /* end confdefs.h.  */
| #include <ac_nonexistent.h>
configure:4004: checking for grep that handles long lines and -e
configure:4062: result: /bin/grep
configure:4067: checking for egrep
configure:4129: result: /bin/grep -E
configure:4134: checking for ANSI C header files
configure:4154: gcc -c -g -O2  conftest.c >&5
configure:4154: $? = 0
configure:4227: gcc -o conftest -g -O2   conftest.c -lzmq -lrt -lpcap -lczmq  >&5
configure:4227: $? = 0
configure:4227: ./conftest
configure:4227: $? = 0
configure:4238: result: yes
configure:4251: checking for sys/types.h
configure:4251: gcc -c -g -O2  conftest.c >&5
configure:4251: $? = 0
configure:4251: result: yes
configure:4251: checking for sys/stat.h
configure:4251: gcc -c -g -O2  conftest.c >&5
configure:4251: $? = 0
configure:4251: result: yes
configure:4251: checking for stdlib.h
configure:4251: gcc -c -g -O2  conftest.c >&5
configure:4251: $? = 0
configure:4251: result: yes
configure:4251: checking for string.h
configure:4251: gcc -c -g -O2  conftest.c >&5
configure:4251: $? = 0
configure:4251: result: yes
configure:4251: checking for memory.h
configure:4251: gcc -c -g -O2  conftest.c >&5
configure:4251: $? = 0
configure:4251: result: yes
configure:4251: checking for strings.h
configure:4251: gcc -c -g -O2  conftest.c >&5
configure:4251: $? = 0
configure:4251: result: yes
configure:4251: checking for inttypes.h
configure:4251: gcc -c -g -O2  conftest.c >&5
configure:4251: $? = 0
configure:4251: result: yes
configure:4251: checking for stdint.h
configure:4251: gcc -c -g -O2  conftest.c >&5
configure:4251: $? = 0
configure:4251: result: yes
configure:4251: checking for unistd.h
configure:4251: gcc -c -g -O2  conftest.c >&5
configure:4251: $? = 0
configure:4251: result: yes
configure:4267: checking for stdint.h
configure:4267: result: yes
configure:4267: checking for stdlib.h
configure:4267: result: yes
configure:4267: checking for string.h
configure:4267: result: yes
configure:4267: checking sys/time.h usability
configure:4267: gcc -c -g -O2  conftest.c >&5
configure:4267: $? = 0
configure:4267: result: yes
configure:4267: checking sys/time.h presence
configure:4267: gcc -E  conftest.c
configure:4267: $? = 0
configure:4267: result: yes
configure:4267: checking for sys/time.h
configure:4267: result: yes
configure:4267: checking for unistd.h
configure:4267: result: yes
configure:4280: checking for size_t
configure:4280: gcc -c -g -O2  conftest.c >&5
configure:4280: $? = 0
configure:4280: gcc -c -g -O2  conftest.c >&5
conftest.c: In function 'main':
conftest.c:66: error: expected expression before ')' token
configure:4280: $? = 1
configure: failed program was:
| /* confdefs.h */
| #define PACKAGE_NAME "zmtpdump"
| #define PACKAGE_TARNAME "zmtpdump"
| #define PACKAGE_VERSION "1.0"
| #define PACKAGE_STRING "zmtpdump 1.0"
| #define PACKAGE_BUGREPORT "aleks@vogonsoft.com"
| #define PACKAGE_URL ""
| #define PACKAGE "zmtpdump"
| #define VERSION "1.0"
| #define HAVE_LIBCZMQ 1
| #define HAVE_LIBPCAP 1
| #define HAVE_LIBRT 1
| #define HAVE_LIBZMQ 1
| #define STDC_HEADERS 1
| #define HAVE_SYS_TYPES_H 1
| #define HAVE_SYS_STAT_H 1
| #define HAVE_STDLIB_H 1
| #define HAVE_STRING_H 1
| #define HAVE_MEMORY_H 1
| #define HAVE_STRINGS_H 1
| #define HAVE_INTTYPES_H 1
| #define HAVE_STDINT_H 1
| #define HAVE_UNISTD_H 1
| #define HAVE_STDINT_H 1
| #define HAVE_STDLIB_H 1
| #define HAVE_STRING_H 1
| #define HAVE_SYS_TIME_H 1
| #define HAVE_UNISTD_H 1
| /* end confdefs.h.  */
| #include <stdio.h>
| #ifdef HAVE_SYS_TYPES_H
| # include <sys/types.h>
| #endif
| #ifdef HAVE_SYS_STAT_H
| # include <sys/stat.h>
| #endif
| #ifdef STDC_HEADERS
| # include <stdlib.h>
| # include <stddef.h>
| #else
| # ifdef HAVE_STDLIB_H
| #  include <stdlib.h>
| # endif
| #endif
| #ifdef HAVE_STRING_H
| # if !defined STDC_HEADERS && defined HAVE_MEMORY_H
| #  include <memory.h>
| # endif
| # include <string.h>
| #endif
| #ifdef HAVE_STRINGS_H
| # include <strings.h>
| #endif
| #ifdef HAVE_INTTYPES_H
| # include <inttypes.h>
| #endif
| #ifdef HAVE_STDINT_H
| # include <stdint.h>
| #endif
| #ifdef HAVE_UNISTD_H
| # include <unistd.h>
| #endif
| int
| main ()
| {
| if (sizeof ((size_t)))
| 	    return 0;
|   ;
|   return 0;
| }
configure:4280: result: yes
configure:4291: checking for uint32_t
configure:4291: gcc -c -g -O2  conftest.c >&5
configure:4291: $? = 0
configure:4291: result: yes
configure:4305: checking for uint64_t
configure:4305: gcc -c -g -O2  conftest.c >&5
configure:4305: $? = 0
configure:4305: result: yes
configure:4319: checking for uint8_t
configure:4319: gcc -c -g -O2  conftest.c >&5
configure:4319: $? = 0
configure:4319: result: yes
configure:4337: checking for stdlib.h
configure:4337: result: yes
configure:4347: checking for GNU libc compatible malloc
configure:4371: gcc -o conftest -g -O2   conftest.c -lzmq -lrt -lpcap -lczmq  >&5
configure:4371: $? = 0
configure:4371: ./conftest
configure:4371: $? = 0
configure:4381: result: yes
configure:4404: checking for stdlib.h
configure:4404: result: yes
configure:4414: checking for GNU libc compatible realloc
configure:4438: gcc -o conftest -g -O2   conftest.c -lzmq -lrt -lpcap -lczmq  >&5
configure:4438: $? = 0
configure:4438: ./conftest
configure:4438: $? = 0
configure:4448: result: yes
configure:4472: checking for gettimeofday
configure:4472: gcc -o conftest -g -O2   conftest.c -lzmq -lrt -lpcap -lczmq  >&5
configure:4472: $? = 0
configure:4472: result: yes
configure:4472: checking for memmove
configure:4472: gcc -o conftest -g -O2   conftest.c -lzmq -lrt -lpcap -lczmq  >&5
conftest.c:58: warning: conflicting types for built-in function 'memmove'
configure:4472: $? = 0
configure:4472: result: yes
configure:4472: checking for memset
configure:4472: gcc -o conftest -g -O2   conftest.c -lzmq -lrt -lpcap -lczmq  >&5
conftest.c:59: warning: conflicting types for built-in function 'memset'
configure:4472: $? = 0
configure:4472: result: yes
configure:4472: checking for strdup
configure:4472: gcc -o conftest -g -O2   conftest.c -lzmq -lrt -lpcap -lczmq  >&5
conftest.c:60: warning: conflicting types for built-in function 'strdup'
configure:4472: $? = 0
configure:4472: result: yes
configure:4603: creating ./config.status

## ---------------------- ##
## Running config.status. ##
## ---------------------- ##

This file was extended by zmtpdump config.status 1.0, which was
generated by GNU Autoconf 2.65.  Invocation command line was

  CONFIG_FILES    = 
  CONFIG_HEADERS  = 
  CONFIG_LINKS    = 
  CONFIG_COMMANDS = 
  $ ./config.status 

on cloud01

config.status:867: creating Makefile
config.status:867: creating config.h
config.status:1039: config.h is unchanged
config.status:1087: executing depfiles commands

## ---------------- ##
## Cache variables. ##
## ---------------- ##

ac_cv_c_compiler_gnu=yes
ac_cv_c_uint32_t=yes
ac_cv_c_uint64_t=yes
ac_cv_c_uint8_t=yes
ac_cv_env_CC_set=
ac_cv_env_CC_value=
ac_cv_env_CFLAGS_set=
ac_cv_env_CFLAGS_value=
ac_cv_env_CPPFLAGS_set=
ac_cv_env_CPPFLAGS_value=
ac_cv_env_CPP_set=
ac_cv_env_CPP_value=
ac_cv_env_LDFLAGS_set=
ac_cv_env_LDFLAGS_value=
ac_cv_env_LIBS_set=
ac_cv_env_LIBS_value=
ac_cv_env_build_alias_set=
ac_cv_env_build_alias_value=
ac_cv_env_host_alias_set=
ac_cv_env_host_alias_value=
ac_cv_env_target_alias_set=
ac_cv_env_target_alias_value=
ac_cv_func_gettimeofday=yes
ac_cv_func_malloc_0_nonnull=yes
ac_cv_func_memmove=yes
ac_cv_func_memset=yes
ac_cv_func_realloc_0_nonnull=yes
ac_cv_func_strdup=yes
ac_cv_header_inttypes_h=yes
ac_cv_header_memory_h=yes
ac_cv_header_stdc=yes
ac_cv_header_stdint_h=yes
ac_cv_header_stdlib_h=yes
ac_cv_header_string_h=yes
ac_cv_header_strings_h=yes
ac_cv_header_sys_stat_h=yes
ac_cv_header_sys_time_h=yes
ac_cv_header_sys_types_h=yes
ac_cv_header_unistd_h=yes
ac_cv_lib_czmq_main=yes
ac_cv_lib_pcap_main=yes
ac_cv_lib_rt_main=yes
ac_cv_lib_zmq_main=yes
ac_cv_objext=o
ac_cv_path_EGREP='/bin/grep -E'
ac_cv_path_GREP=/bin/grep
ac_cv_path_install='/usr/bin/install -c'
ac_cv_path_mkdir=/bin/mkdir
ac_cv_prog_AWK=gawk
ac_cv_prog_CPP='gcc -E'
ac_cv_prog_ac_ct_CC=gcc
ac_cv_prog_cc_c89=
ac_cv_prog_cc_g=yes
ac_cv_prog_make_make_set=yes
ac_cv_type_size_t=yes
am_cv_CC_dependencies_compiler_type=gcc3

## ----------------- ##
## Output variables. ##
## ----------------- ##

ACLOCAL='${SHELL} /home/aleks/Work/ZeroMQ/zmtpdump/github/zmtpdump/missing --run aclocal-1.11'
AMDEPBACKSLASH='\'
AMDEP_FALSE='#'
AMDEP_TRUE=''
AMTAR='${SHELL} /home/aleks/Work/ZeroMQ/zmtpdump/github/zmtpdump/missing --run tar'
AUTOCONF='${SHELL} /home/aleks/Work/ZeroMQ/zmtpdump/github/zmtpdump/missing --run autoconf'
AUTOHEADER='${SHELL} /home/aleks/Work/ZeroMQ/zmtpdump/github/zmtpdump/missing --run autoheader'
AUTOMAKE='${SHELL} /home/aleks/Work/ZeroMQ/zmtpdump/github/zmtpdump/missing --run automake-1.11'
AWK='gawk'
CC='gcc'
CCDEPMODE='depmode=gcc3'
CFLAGS='-g -O2'
CPP='gcc -E'
CPPFLAGS=''
CYGPATH_W='echo'
DEFS='-DHAVE_CONFIG_H'
DEPDIR='.deps'
ECHO_C=''
ECHO_N='-n'
ECHO_T=''
EGREP='/bin/grep -E'
EXEEXT=''
GREP='/bin/grep'
INSTALL_DATA='${INSTALL} -m 644'
INSTALL_PROGRAM='${INSTALL}'
INSTALL_SCRIPT='${INSTALL}'
INSTALL_STRIP_PROGRAM='$(install_sh) -c -s'
LDFLAGS=''
LIBOBJS=''
LIBS='-lzmq -lrt -lpcap -lczmq '
LTLIBOBJS=''
MAKEINFO='${SHELL} /home/aleks/Work/ZeroMQ/zmtpdump/github/zmtpdump/missing --run makeinfo'
MKDIR_P='/bin/mkdir -p'
OBJEXT='o'
PACKAGE='zmtpdump'
PACKAGE_BUGREPORT='aleks@vogonsoft.com'
PACKAGE_NAME='zmtpdump'
PACKAGE_STRING='zmtpdump 1.0'
PACKAGE_TARNAME='zmtpdump'
PACKAGE_URL=''
PACKAGE_VERSION='1.0'
PATH_SEPARATOR=':'
SET_MAKE=''
SHELL='/bin/bash'
STRIP=''
VERSION='1.0'
ac_ct_CC='gcc'
am__EXEEXT_FALSE=''
am__EXEEXT_TRUE='#'
am__fastdepCC_FALSE='#'
am__fastdepCC_TRUE=''
am__include='include'
am__isrc=''
am__leading_dot='.'
am__quote=''
am__tar='${AMTAR} chof - "$$tardir"'
am__untar='${AMTAR} xf -'
bindir='${exec_prefix}/bin'
build_alias=''
datadir='${datarootdir}'
datarootdir='${prefix}/share'
docdir='${datarootdir}/doc/${PACKAGE_TARNAME}'
dvidir='${docdir}'
exec_prefix='${prefix}'
host_alias=''
htmldir='${docdir}'
includedir='${prefix}/include'
infodir='${datarootdir}/info'
install_sh='${SHELL} /home/aleks/Work/ZeroMQ/zmtpdump/github/zmtpdump/install-sh'
libdir='${exec_prefix}/lib'
libexecdir='${exec_prefix}/libexec'
localedir='${datarootdir}/locale'
localstatedir='${prefix}/var'
mandir='${datarootdir}/man'
mkdir_p='/bin/mkdir -p'
oldincludedir='/usr/include'
pdfdir='${docdir}'
prefix='/usr/local'
program_transform_name='s,x,x,'
psdir='${docdir}'
sbindir='${exec_prefix}/sbin'
sharedstatedir='${prefix}/com'
sysconfdir='${prefix}/etc'
target_alias=''

## ----------- ##
## confdefs.h. ##
## ----------- ##

/* confdefs.h */
#define PACKAGE_NAME "zmtpdump"
#define PACKAGE_TARNAME "zmtpdump"
#define PACKAGE_VERSION "1.0"
#define PACKAGE_STRING "zmtpdump 1.0"
#define PACKAGE_BUGREPORT "aleks@vogonsoft.com"
#define PACKAGE_URL ""
#define PACKAGE "zmtpdump"
#define VERSION "1.0"
#define HAVE_LIBCZMQ 1
#define HAVE_LIBPCAP 1
#define HAVE_LIBRT 1
#define HAVE_LIBZMQ 1
#define STDC_HEADERS 1
#define HAVE_SYS_TYPES_H 1
#define HAVE_SYS_STAT_H 1
#define HAVE_STDLIB_H 1
#define HAVE_STRING_H 1
#define HAVE_MEMORY_H 1
#define HAVE_STRINGS_H 1
#define HAVE_INTTYPES_H 1
#define HAVE_STDINT_H 1
#define HAVE_UNISTD_H 1
#define HAVE_STDINT_H 1
#define HAVE_STDLIB_H 1
#define HAVE_STRING_H 1
#define HAVE_SYS_TIME_H 1
#define HAVE_UNISTD_H 1
#define HAVE_STDLIB_H 1
#define HAVE_MALLOC 1
#define HAVE_STDLIB_H 1
#define HAVE_REALLOC 1
#define HAVE_GETTIMEOFDAY 1
#define HAVE_MEMMOVE 1
#define HAVE_MEMSET 1
#define HAVE_STRDUP 1

configure: exit 0
